** Message: 17:08:38.979: environement.vala:58: Exporting primary_variable
** Message: 17:08:38.979: environement.vala:59: desktop_environnement XDG_CURRENT_DESKTOP
** Message: 17:08:38.979: environement.vala:150: confir_dirs is null, export : /etc/xdg
** Message: 17:08:38.979: environement.vala:184: Exporting XDG_CONFIG_DIRS
** Message: 17:08:38.979: environement.vala:218: custom_data :
** Message: 17:08:38.979: environement.vala:219: data_dirs :/usr/share/fkms:/usr/local/share:/usr/share/raspi-ui-overrides:/usr/share:/usr/share/gdm:/var/lib/menu-xdg
** Message: 17:08:38.979: environement.vala:220: data_dirs not null, export : /usr/share/fkms:/usr/local/share:/usr/share/raspi-ui-overrides:/usr/share:/usr/share/gdm:/var/lib/menu-xdg
** Message: 17:08:38.979: environement.vala:225: Exporting XDG_DATA_DIRS
** Message: 17:08:38.982: utils.vala:127: User config used : /home/pi/.config/lxsession/LXDE-pi/desktop.conf
** Message: 17:08:38.982: utils.vala:148: Final file used : /home/pi/.config/lxsession/LXDE-pi/desktop.conf
** Message: 17:08:38.982: utils.vala:39: Config system location : /etc/xdg/lxsession/LXDE-pi
** Message: 17:08:38.984: utils.vala:45: System system path location : /etc/xdg/lxsession/LXDE-pi/desktop.conf
** Message: 17:08:38.988: settings.vala:540: Key file does not have key “iGtk/ColorScheme” in group “GTK”
** Message: 17:08:38.988: settings.vala:540: Key file does not have key “windows_manager/command” in group “Session”
** Message: 17:08:38.988: settings.vala:540: Key file does not have key “panel/command” in group “Session”
** Message: 17:08:38.988: settings.vala:540: Key file does not have key “dock/command” in group “Session”
** Message: 17:08:38.988: settings.vala:540: Key file does not have key “file_manager/command” in group “Session”
** Message: 17:08:38.988: settings.vala:540: Key file does not have key “desktop_manager/command” in group “Session”
** Message: 17:08:38.988: settings.vala:540: Key file does not have key “launcher_manager/autostart” in group “Session”
** Message: 17:08:38.988: settings.vala:540: Key file does not have key “composite_manager/command” in group “Session”
** Message: 17:08:38.989: settings.vala:540: Key file does not have key “im1/command” in group “Session”
** Message: 17:08:38.989: settings.vala:540: Key file does not have key “im2/command” in group “Session”
** Message: 17:08:38.989: settings.vala:540: Key file does not have key “widget1/command” in group “Session”
** Message: 17:08:38.989: settings.vala:540: Key file does not have key “notification/command” in group “Session”
** Message: 17:08:38.989: settings.vala:540: Key file does not have key “keybindings/command” in group “Session”
** Message: 17:08:38.989: settings.vala:540: Key file does not have key “im_manager/command” in group “Session”
** Message: 17:08:38.989: settings.vala:540: Key file does not have key “screensaver/command” in group “Session”
** Message: 17:08:38.989: settings.vala:540: Key file does not have key “power_manager/command” in group “Session”
** Message: 17:08:38.989: settings.vala:540: Key file does not have key “audio_manager/command” in group “Session”
** Message: 17:08:38.989: settings.vala:540: Key file does not have key “workspace_manager/command” in group “Session”
** Message: 17:08:38.989: settings.vala:540: Key file does not have key “screenshot_manager/command” in group “Session”
** Message: 17:08:38.989: settings.vala:540: Key file does not have key “message_manager/command” in group “Session”
** Message: 17:08:38.989: settings.vala:540: Key file does not have key “upgrade_manager/command” in group “Session”
** Message: 17:08:38.990: settings.vala:540: Key file does not have key “updates_manager/command” in group “Session”
** Message: 17:08:38.990: settings.vala:540: Key file does not have key “updates_manager/timeout” in group “Session”
** Message: 17:08:38.990: settings.vala:540: Key file does not have key “crash_manager/command” in group “Session”
** Message: 17:08:38.990: settings.vala:540: Key file does not have key “crash_manager/dev_mode” in group “Session”
** Message: 17:08:38.990: settings.vala:540: Key file does not have key “crash_manager/timeout” in group “Session”
** Message: 17:08:38.990: settings.vala:540: Key file does not have key “upstart_user_session” in group “Session”
** Message: 17:08:38.990: settings.vala:540: Key file does not have key “proxy_manager/http” in group “Session”
** Message: 17:08:38.990: settings.vala:540: Key file does not have key “a11y/command” in group “Session”
** Message: 17:08:38.990: settings.vala:540: Key file does not have key “xrandr/command” in group “Session”
** Message: 17:08:38.990: settings.vala:540: Key file does not have key “network_gui/command” in group “Session”
** Message: 17:08:38.991: settings.vala:540: Key file does not have key “webbrowser/command” in group “Session”
** Message: 17:08:38.991: settings.vala:540: Key file does not have key “email/command” in group “Session”
** Message: 17:08:38.991: settings.vala:540: Key file does not have key “pdf_reader/command” in group “Session”
** Message: 17:08:38.991: settings.vala:540: Key file does not have key “video_player/command” in group “Session”
** Message: 17:08:38.991: settings.vala:540: Key file does not have key “audio_player/command” in group “Session”
** Message: 17:08:38.991: settings.vala:540: Key file does not have key “images_display/command” in group “Session”
** Message: 17:08:38.991: settings.vala:540: Key file does not have key “text_editor/command” in group “Session”
** Message: 17:08:38.991: settings.vala:540: Key file does not have key “archive/command” in group “Session”
** Message: 17:08:38.991: settings.vala:540: Key file does not have key “charmap/command” in group “Session”
** Message: 17:08:38.992: settings.vala:540: Key file does not have key “calculator/command” in group “Session”
** Message: 17:08:38.992: settings.vala:540: Key file does not have key “spreadsheet/command” in group “Session”
** Message: 17:08:38.992: settings.vala:540: Key file does not have key “bittorent/command” in group “Session”
** Message: 17:08:38.992: settings.vala:540: Key file does not have key “document/command” in group “Session”
** Message: 17:08:38.992: settings.vala:540: Key file does not have key “webcam/command” in group “Session”
** Message: 17:08:38.992: settings.vala:540: Key file does not have key “burn/command” in group “Session”
** Message: 17:08:38.992: settings.vala:540: Key file does not have key “notes/command” in group “Session”
** Message: 17:08:38.992: settings.vala:540: Key file does not have key “disk_utility/command” in group “Session”
** Message: 17:08:38.992: settings.vala:540: Key file does not have key “tasks/command” in group “Session”
** Message: 17:08:38.992: settings.vala:540: Key file does not have group “Keymap”
** Message: 17:08:38.992: settings.vala:540: Key file does not have key “laptop_mode” in group “State”
** Message: 17:08:38.992: settings.vala:540: Key file does not have key “gnome” in group “Dbus”
** Message: 17:08:38.992: settings.vala:540: Key file does not have key “type” in group “Environment”
** Message: 17:08:38.993: settings.vala:540: Key file does not have key “ubuntu_menuproxy” in group “Environment”
** Message: 17:08:38.993: settings.vala:540: Key file does not have key “toolkit_integration” in group “Environment”
** Message: 17:08:38.993: settings.vala:540: Key file does not have key “gtk/overlay_scrollbar_disable” in group “Environment”
** Message: 17:08:38.993: settings.vala:540: Key file does not have key “qt/force_theme” in group “Environment”
** Message: 17:08:38.993: settings.vala:540: Key file does not have key “qt/platform” in group “Environment”
** Message: 17:08:38.994: settings.vala:462: Monitoring: /home/pi/.config/lxsession/LXDE-pi/desktop.conf
** Message: 17:08:38.994: settings.vala:466: Desktop file is already in config home, do nothing
** Message: 17:08:38.994: environement.vala:79: Exporting variable
** Message: 17:08:38.994: environement.vala:80: desktop_environnement XDG_CURRENT_DESKTOP
** Message: 17:08:38.994: environement.vala:177: custom_config :
** Message: 17:08:38.994: environement.vala:178: config_dirs :/etc/xdg
** Message: 17:08:38.994: environement.vala:179: confir_dirs not null, export : /etc/xdg
** Message: 17:08:38.994: environement.vala:184: Exporting XDG_CONFIG_DIRS
** Message: 17:08:38.995: environement.vala:218: custom_data :
** Message: 17:08:38.995: environement.vala:219: data_dirs :/usr/share/fkms:/usr/local/share:/usr/share/raspi-ui-overrides:/usr/share:/usr/share/gdm:/var/lib/menu-xdg
** Message: 17:08:38.995: environement.vala:220: data_dirs not null, export : /usr/share/fkms:/usr/local/share:/usr/share/raspi-ui-overrides:/usr/share:/usr/share/gdm:/var/lib/menu-xdg
** Message: 17:08:38.995: environement.vala:225: Exporting XDG_DATA_DIRS
** Message: 17:08:38.995: utils.vala:39: Config system location : /etc/xdg/lxsession/LXDE-pi
** Message: 17:08:38.995: utils.vala:45: System system path location : /etc/xdg/lxsession/LXDE-pi/desktop.conf
** Message: 17:08:38.996: environement.vala:254: No entry in [Environment_variable]. Key file does not have group “Environment_variable”
** Message: 17:08:39.002: utils.vala:138: Config system location : /etc/xdg/lxsession/LXDE-pi
** Message: 17:08:39.002: utils.vala:144: System system path location : /etc/xdg/lxsession/LXDE-pi/conffiles.conf
** Message: 17:08:39.002: utils.vala:148: Final file used : /etc/xdg/lxsession/LXDE-pi/conffiles.conf
** Message: 17:08:39.002: options.vala:164: Activate xsettings_manager build-in
** Message: 17:08:39.003: utils.vala:39: Config system location : /etc/xdg/lxsession/LXDE-pi
** Message: 17:08:39.003: utils.vala:45: System system path location : /etc/xdg/lxsession/LXDE-pi/desktop.conf
xprop:  no such property "_NET_NUMBER_OF_DESKTOPS"
xprop:  no such property "_NET_DESKTOP_NAMES"
** Message: 17:08:39.078: app.vala:721: polkit separate
** Message: 17:08:39.078: app.vala:721: polkit separate
** Message: 17:08:39.084: app.vala:76: Launching lxpolkit 
** Message: 17:08:39.084: utils.vala:138: Config system location : /etc/xdg/lxsession/LXDE-pi
** Message: 17:08:39.084: utils.vala:144: System system path location : /etc/xdg/lxsession/LXDE-pi/autostart
** Message: 17:08:39.084: utils.vala:148: Final file used : /etc/xdg/lxsession/LXDE-pi/autostart
** Message: 17:08:39.084: autostart.vala:42: Autostart path : /etc/xdg/lxsession/LXDE-pi/autostart
** Message: 17:08:39.096: app.vala:76: Launching lxpanel 
** Message: 17:08:39.106: app.vala:76: Launching pcmanfm 

** (lxsession:576): WARNING **: 17:08:39.123: app.vala:86: Failed to execute child process “xscreensaver” (No such file or directory)

** (lxsession:576): WARNING **: 17:08:39.123: app.vala:87: Error when launching xscreensaver
** Message: 17:08:39.129: options.vala:107: Create build-in Clipboard
** Message: 17:08:39.131: main.vala:441: Check keymap_mode (null)
** Message: 17:08:39.136: app.vala:76: Launching /usr/bin/ssh-agent 
SSH_AUTH_SOCK=/tmp/ssh-ItlWS69Fj6yU/agent.648; export SSH_AUTH_SOCK;
SSH_AGENT_PID=650; export SSH_AGENT_PID;
echo Agent pid 650;
** Message: 17:08:39.304: app.vala:130: /usr/bin/ssh-agent exit with this type of exit: 0
Openbox-Message: Unable to find a valid menu file "/usr/share/lxde/openbox/menu.xml"
** Message: 17:08:40.945: Connecting ...
** Message: 17:08:40.945: Status changed to down
Unit pt-device-manager.service could not be found.

** (lxpanel:644): WARNING **: 17:08:41.126: Battery 0 not found

(lxpanel:644): Gtk-CRITICAL **: 17:08:41.537: IA__gtk_image_set_from_pixbuf: assertion 'GTK_IS_IMAGE (image)' failed
** Message: 17:08:41.947: Status changed to opened
** Message: 17:08:41.947: Connected to dhcpcd-8.1.2
** Message: 17:08:41.948: Status changed to connecting
** Message: 17:08:41.948: eth0: Link is down
** Message: 17:08:41.948: wlan0: Associated with TP-Link_70A6
** Message: 17:08:41.950: wlan0: WPA status connected
** Message: 17:08:41.950: wlan0: Received scan results
** Message: 17:08:44.864: wlan0: Configured 192.168.0.102/24
** Message: 17:08:44.864: Status changed to connected
** Message: 17:12:07.434: wlan0: Received scan results
** Message: 17:13:07.441: wlan0: Received scan results
** Message: 17:14:07.450: wlan0: Received scan results
** Message: 17:15:07.452: wlan0: Received scan results
** Message: 17:16:07.461: wlan0: Received scan results
** Message: 17:17:07.468: wlan0: Received scan results
** Message: 17:18:07.407: wlan0: Received scan results
** Message: 17:19:07.412: wlan0: Received scan results
** Message: 17:20:07.410: wlan0: Received scan results
** Message: 17:21:07.402: wlan0: Received scan results
** Message: 17:22:07.410: wlan0: Received scan results
** Message: 17:23:07.414: wlan0: Received scan results
** Message: 17:24:07.417: wlan0: Received scan results
** Message: 17:25:07.424: wlan0: Received scan results
** Message: 17:26:07.435: wlan0: Received scan results
** Message: 17:27:07.440: wlan0: Received scan results
** Message: 17:28:07.445: wlan0: Received scan results
** Message: 17:29:07.454: wlan0: Received scan results
** Message: 17:30:07.464: wlan0: Received scan results
** Message: 17:31:07.470: wlan0: Received scan results
** Message: 17:32:07.474: wlan0: Received scan results
** Message: 17:33:07.408: wlan0: Received scan results
** Message: 17:34:07.488: wlan0: Received scan results
** Message: 17:35:07.419: wlan0: Received scan results
** Message: 17:36:07.408: wlan0: Received scan results
** Message: 17:37:07.416: wlan0: Received scan results
